12:13:28.035 [main] DEBUG TestBase.BaseClass - Application logs started......
12:13:28.061 [main] INFO  TestBase.BaseClass - Validating Default Country
12:13:28.081 [main] INFO  TestBase.BaseClass - Validating Default Language
12:13:28.191 [main] DEBUG TestBase.BaseClass - Application logs end.......
12:13:28.191 [main] INFO  TestBase.BaseClass - **** Finished TC_2_ValidateLanguageAndCountry ****
12:13:28.290 [main] INFO  TestBase.BaseClass - **** Starting TC_4_ValidateLanguageList ****
12:13:28.290 [main] DEBUG TestBase.BaseClass - Application logs started......
12:13:28.431 [main] INFO  TestBase.BaseClass - Validating Language List
12:13:28.432 [main] INFO  TestBase.BaseClass - Test Passed
12:13:28.432 [main] DEBUG TestBase.BaseClass - Application logs end.......
12:13:28.433 [main] INFO  TestBase.BaseClass - **** Finished TC_4_ValidateLanguageList ****
12:13:28.544 [main] INFO  TestBase.BaseClass - **** Starting TC_5_ValidateGSDDetails ****
12:13:28.544 [main] DEBUG TestBase.BaseClass - Application logs started......
12:13:36.615 [main] INFO  TestBase.BaseClass - Validating Tooltips
12:13:36.615 [main] INFO  TestBase.BaseClass - Test Passed
12:13:36.615 [main] DEBUG TestBase.BaseClass - Application logs end.......
12:13:36.615 [main] INFO  TestBase.BaseClass - **** Finished TC_5_ValidateGSDDetails ****
12:13:54.793 [main] INFO  TestBase.BaseClass - **** Starting TC_1_ValidateUser ****
12:13:54.793 [main] DEBUG TestBase.BaseClass - Application logs started......
12:13:58.693 [main] INFO  TestBase.BaseClass - Clicked on User Information
12:14:01.742 [main] INFO  TestBase.BaseClass - Clicking User Information
12:14:01.860 [main] INFO  TestBase.BaseClass - Clicked on One Cognizant
12:14:01.861 [main] INFO  TestBase.BaseClass - Test Passed
12:14:01.861 [main] DEBUG TestBase.BaseClass - Application logs end.......
12:14:01.861 [main] INFO  TestBase.BaseClass - **** Finished TC_1_ValidateUser ****
12:14:02.219 [main] INFO  TestBase.BaseClass - **** Starting TC_2_ValidateWelcomeMessage ****
12:14:02.219 [main] DEBUG TestBase.BaseClass - Application logs started......
12:14:02.296 [main] ERROR TestBase.BaseClass - Test Failed..
12:14:02.296 [main] DEBUG TestBase.BaseClass - Debug logs....
12:14:02.300 [main] INFO  TestBase.BaseClass - **** Starting TC_3_ValidateLanguageAndCountry ****
12:14:02.300 [main] DEBUG TestBase.BaseClass - Application logs started......
12:14:02.317 [main] ERROR TestBase.BaseClass - Test Failed..
12:14:02.317 [main] DEBUG TestBase.BaseClass - Debug logs....
12:14:02.320 [main] INFO  TestBase.BaseClass - **** Starting TC_4_ValidateLanguageList ****
12:14:02.320 [main] DEBUG TestBase.BaseClass - Application logs started......
12:14:02.335 [main] ERROR TestBase.BaseClass - Test Failed..
12:14:02.336 [main] DEBUG TestBase.BaseClass - Debug logs....
12:14:02.339 [main] INFO  TestBase.BaseClass - **** Starting TC_5_ValidateGSDDetails ****
12:14:02.339 [main] DEBUG TestBase.BaseClass - Application logs started......
12:14:02.356 [main] ERROR TestBase.BaseClass - Test Failed..
12:14:02.356 [main] DEBUG TestBase.BaseClass - Debug logs....
12:16:15.968 [main] INFO  TestBase.BaseClass - **** Starting TC_1_ValidateUser ****
12:16:15.970 [main] DEBUG TestBase.BaseClass - Application logs started......
12:16:19.659 [main] INFO  TestBase.BaseClass - Clicked on User Information
12:16:22.702 [main] INFO  TestBase.BaseClass - Clicking User Information
12:16:22.782 [main] INFO  TestBase.BaseClass - Clicked on One Cognizant
12:16:22.782 [main] INFO  TestBase.BaseClass - Test Passed
12:16:22.783 [main] DEBUG TestBase.BaseClass - Application logs end.......
12:16:22.783 [main] INFO  TestBase.BaseClass - **** Finished TC_1_ValidateUser ****
12:16:23.198 [main] INFO  TestBase.BaseClass - **** Starting TC_2_ValidateWelcomeMessage ****
12:16:23.198 [main] DEBUG TestBase.BaseClass - Application logs started......
12:16:27.186 [main] INFO  TestBase.BaseClass - Clicked on Search
12:16:27.268 [main] INFO  TestBase.BaseClass - Clicked on GSD
12:16:43.380 [main] INFO  TestBase.BaseClass - Validating Welcome message
12:16:43.380 [main] INFO  TestBase.BaseClass - Test Passed
12:16:43.380 [main] DEBUG TestBase.BaseClass - Application logs end.......
12:16:43.380 [main] INFO  TestBase.BaseClass - **** Finished TC_2_ValidateWelcomeMessage ****
12:16:43.492 [main] INFO  TestBase.BaseClass - **** Starting TC_3_ValidateLanguageAndCountry ****
12:16:43.492 [main] DEBUG TestBase.BaseClass - Application logs started......
12:16:43.513 [main] INFO  TestBase.BaseClass - Validating Default Country
12:16:43.532 [main] INFO  TestBase.BaseClass - Validating Default Language
12:16:43.636 [main] DEBUG TestBase.BaseClass - Application logs end.......
12:16:43.636 [main] INFO  TestBase.BaseClass - **** Finished TC_2_ValidateLanguageAndCountry ****
12:16:43.751 [main] INFO  TestBase.BaseClass - **** Starting TC_4_ValidateLanguageList ****
12:16:43.751 [main] DEBUG TestBase.BaseClass - Application logs started......
